<?xml version="1.0" encoding="UTF-8"?>
<!-- Generated by org.testng.reporters.JUnitXMLReporter -->
<testsuite ignored="3" hostname="DESKTOP-U9123IR" failures="0" tests="1" name="functionality(failed)" time="0.053" errors="0" timestamp="2023-02-28T12:03:01 GET">
  <testcase classname="test.SecondTestCase" name="searchCustomer" time="0.012"/>
  <testcase classname="test.SecondTestCase" name="addCustomer" time="0.0">
    <ignored/>
  </testcase> <!-- addCustomer -->
  <testcase classname="test.SecondTestCase" name="teardown" time="0.0">
    <ignored/>
  </testcase> <!-- teardown -->
  <testcase classname="test.SecondTestCase" name="setup" time="0.0">
    <ignored/>
  </testcase> <!-- setup -->
</testsuite> <!-- functionality(failed) -->
