<?xml version="1.0" encoding="UTF-8"?>
<!-- Generated by org.testng.reporters.JUnitXMLReporter -->
<testsuite ignored="0" hostname="DESKTOP-U9123IR" failures="0" tests="3" name="Default test" time="0.069" errors="0" timestamp="2023-02-28T14:11:36 GET">
  <testcase classname="dataprovider.DataProviderExample" name="loginTest" time="0.011"/>
  <testcase classname="dataprovider.DataProviderExample" name="loginTest" time="0.002"/>
  <testcase classname="dataprovider.DataProviderExample" name="loginTest" time="0.002"/>
</testsuite> <!-- Default test -->
