<?xml version="1.0" encoding="UTF-8"?>
<testng-results ignored="0" total="3" passed="3" failed="0" skipped="0">
  <reporter-output>
  </reporter-output>
  <suite started-at="2023-02-28T14:11:36 GET" name="Default suite" finished-at="2023-02-28T14:11:36 GET" duration-ms="69">
    <groups>
    </groups>
    <test started-at="2023-02-28T14:11:36 GET" name="Default test" finished-at="2023-02-28T14:11:36 GET" duration-ms="69">
      <class name="dataprovider.DataProviderExample">
        <test-method signature="loginTest(java.lang.String,java.lang.String)[pri:0, instance:dataprovider.DataProviderExample@4f18837a]" started-at="2023-02-28T14:11:36 GET" name="loginTest" data-provider="LoginDataProvider" finished-at="2023-02-28T14:11:36 GET" duration-ms="11" status="PASS">
          <params>
            <param index="0">
              <value>
                <![CDATA[abc@gmail.com]]>
              </value>
            </param>
            <param index="1">
              <value>
                <![CDATA[abc]]>
              </value>
            </param>
          </params>
          <reporter-output>
          </reporter-output>
        </test-method> <!-- loginTest -->
        <test-method signature="loginTest(java.lang.String,java.lang.String)[pri:0, instance:dataprovider.DataProviderExample@4f18837a]" started-at="2023-02-28T14:11:36 GET" name="loginTest" data-provider="LoginDataProvider" finished-at="2023-02-28T14:11:36 GET" duration-ms="2" status="PASS">
          <params>
            <param index="0">
              <value>
                <![CDATA[xyz@gmail.com]]>
              </value>
            </param>
            <param index="1">
              <value>
                <![CDATA[xyz]]>
              </value>
            </param>
          </params>
          <reporter-output>
          </reporter-output>
        </test-method> <!-- loginTest -->
        <test-method signature="loginTest(java.lang.String,java.lang.String)[pri:0, instance:dataprovider.DataProviderExample@4f18837a]" started-at="2023-02-28T14:11:36 GET" name="loginTest" data-provider="LoginDataProvider" finished-at="2023-02-28T14:11:36 GET" duration-ms="2" status="PASS">
          <params>
            <param index="0">
              <value>
                <![CDATA[mno@gmail.com]]>
              </value>
            </param>
            <param index="1">
              <value>
                <![CDATA[mno]]>
              </value>
            </param>
          </params>
          <reporter-output>
          </reporter-output>
        </test-method> <!-- loginTest -->
      </class> <!-- dataprovider.DataProviderExample -->
    </test> <!-- Default test -->
  </suite> <!-- Default suite -->
</testng-results>
