<?xml version="1.0" encoding="UTF-8"?>
<!-- Generated by org.testng.reporters.JUnitXMLReporter -->
<testsuite ignored="0" hostname="DESKTOP-U9123IR" failures="0" tests="4" name="Annotations" time="0.075" errors="0" timestamp="2023-02-28T12:42:53 GET">
  <testcase classname="annotations.TestCase1" name="test1" time="0.007"/>
  <testcase classname="annotations.TestCase1" name="test2" time="0.002"/>
  <testcase classname="annotations.TestCase2" name="test3" time="0.003"/>
  <testcase classname="annotations.TestCase2" name="test4" time="0.004"/>
</testsuite> <!-- Annotations -->
