<?xml version="1.0" encoding="UTF-8"?>
<!-- Generated by org.testng.reporters.JUnitXMLReporter -->
<testsuite ignored="0" hostname="DESKTOP-U9123IR" failures="0" tests="7" name="functionality" time="0.081" errors="0" timestamp="2023-02-28T12:03:08 GET">
  <testcase classname="test.FirstTestCase" name="setup" time="0.011"/>
  <testcase classname="test.FirstTestCase" name="login" time="0.002"/>
  <testcase classname="test.FirstTestCase" name="teardown" time="0.001"/>
  <testcase classname="test.SecondTestCase" name="setup" time="0.002"/>
  <testcase classname="test.SecondTestCase" name="addCustomer" time="0.001"/>
  <testcase classname="test.SecondTestCase" name="searchCustomer" time="0.003"/>
  <testcase classname="test.SecondTestCase" name="teardown" time="0.001"/>
</testsuite> <!-- functionality -->
