<?xml version="1.0" encoding="UTF-8"?>
<!-- Generated by org.testng.reporters.JUnitXMLReporter -->
<testsuite ignored="3" hostname="DESKTOP-U9123IR" failures="0" tests="2" name="GroupingTest" time="0.06" errors="0" timestamp="2023-02-28T13:06:43 GET">
  <testcase classname="grouping.GroupingExample" name="test1" time="0.012"/>
  <testcase classname="grouping.GroupingExample" name="test2" time="0.001"/>
  <testcase classname="grouping.GroupingExample" name="test4" time="0.0">
    <ignored/>
  </testcase> <!-- test4 -->
  <testcase classname="grouping.GroupingExample" name="test3" time="0.0">
    <ignored/>
  </testcase> <!-- test3 -->
  <testcase classname="grouping.GroupingExample" name="test5" time="0.0">
    <ignored/>
  </testcase> <!-- test5 -->
</testsuite> <!-- GroupingTest -->
