<?xml version="1.0" encoding="UTF-8"?>
<!-- Generated by org.testng.reporters.JUnitXMLReporter -->
<testsuite ignored="0" hostname="DESKTOP-U9123IR" failures="0" tests="2" name="ParametersTest1" time="20.043" errors="0" timestamp="2023-02-28T13:59:52 GET">
  <testcase classname="parameters.ParametersExample" name="logoTest" time="0.0">
    <skipped/>
  </testcase> <!-- logoTest -->
  <testcase classname="parameters.ParametersExample" name="homePageTitle" time="0.0">
    <skipped/>
  </testcase> <!-- homePageTitle -->
</testsuite> <!-- ParametersTest1 -->
